[debug] [2020-02-26T19:32:12.498Z] ----------------------------------------------------------------------
[debug] [2020-02-26T19:32:12.532Z] Command:       C:\Program Files\nodejs\node.exe C:\Users\Jędrek\AppData\Roaming\npm\node_modules\firebase-tools\lib\bin\firebase.js serve
[debug] [2020-02-26T19:32:12.533Z] CLI Version:   7.13.1
[debug] [2020-02-26T19:32:12.533Z] Platform:      win32
[debug] [2020-02-26T19:32:12.533Z] Node Version:  v12.13.1
[debug] [2020-02-26T19:32:12.559Z] Time:          Wed Feb 26 2020 20:32:12 GMT+0100 (GMT+01:00)
[debug] [2020-02-26T19:32:12.559Z] ----------------------------------------------------------------------
[debug] [2020-02-26T19:32:12.559Z] 
[debug] [2020-02-26T19:32:12.584Z] > command requires scopes: ["email","openid","https://www.googleapis.com/auth/cloudplatformprojects.readonly","https://www.googleapis.com/auth/firebase","https://www.googleapis.com/auth/cloud-platform"]
[debug] [2020-02-26T19:32:12.584Z] > authorizing via signed-in user
[debug] [2020-02-26T19:32:12.584Z] [iam] checking project gerenq-5cf1e for permissions ["firebase.projects.get"]
[debug] [2020-02-26T19:32:12.586Z] > refreshing access token with scopes: ["email","https://www.googleapis.com/auth/cloud-platform","https://www.googleapis.com/auth/cloudplatformprojects.readonly","https://www.googleapis.com/auth/firebase","openid"]
[debug] [2020-02-26T19:32:12.587Z] >>> HTTP REQUEST POST https://www.googleapis.com/oauth2/v3/token  
 <request body omitted>
[debug] [2020-02-26T19:32:12.784Z] <<< HTTP RESPONSE 200
[debug] [2020-02-26T19:32:12.789Z] >>> HTTP REQUEST POST https://cloudresourcemanager.googleapis.com/v1/projects/gerenq-5cf1e:testIamPermissions  

[debug] [2020-02-26T19:32:13.716Z] <<< HTTP RESPONSE 200
[debug] [2020-02-26T19:32:13.717Z] >>> HTTP REQUEST GET https://firebase.googleapis.com/v1beta1/projects/gerenq-5cf1e  
 
[debug] [2020-02-26T19:32:14.055Z] <<< HTTP RESPONSE 200
[info] 
[info] === Serving from 'C:\Users\Jędrek\Desktop\gerenq\gerenq'...
[info] 
[debug] [2020-02-26T19:32:14.063Z] >>> HTTP REQUEST GET https://firebase.googleapis.com/v1beta1/projects/gerenq-5cf1e/webApps/-/config  
 
[debug] [2020-02-26T19:32:14.220Z] TypeError [ERR_INVALID_ARG_TYPE]: The "path" argument must be of type string. Received type undefined
    at validateString (internal/validators.js:112:11)
    at Object.join (path.js:375:7)
    at Object.<anonymous> (C:\Users\Jędrek\AppData\Roaming\npm\node_modules\firebase-tools\lib\serve\functions.js:21:39)
    at Generator.next (<anonymous>)
    at C:\Users\Jędrek\AppData\Roaming\npm\node_modules\firebase-tools\lib\serve\functions.js:8:71
    at new Promise (<anonymous>)
    at __awaiter (C:\Users\Jędrek\AppData\Roaming\npm\node_modules\firebase-tools\lib\serve\functions.js:4:12)
    at Object.start (C:\Users\Jędrek\AppData\Roaming\npm\node_modules\firebase-tools\lib\serve\functions.js:19:16)
    at C:\Users\Jędrek\AppData\Roaming\npm\node_modules\firebase-tools\lib\serve\index.js:25:40
    at arrayMap (C:\Users\Jędrek\AppData\Roaming\npm\node_modules\firebase-tools\node_modules\lodash\lodash.js:639:23)
    at Function.map (C:\Users\Jędrek\AppData\Roaming\npm\node_modules\firebase-tools\node_modules\lodash\lodash.js:9554:14)
    at C:\Users\Jędrek\AppData\Roaming\npm\node_modules\firebase-tools\lib\serve\index.js:24:29
    at Generator.next (<anonymous>)
    at C:\Users\Jędrek\AppData\Roaming\npm\node_modules\firebase-tools\lib\serve\index.js:8:71
    at new Promise (<anonymous>)
    at __awaiter (C:\Users\Jędrek\AppData\Roaming\npm\node_modules\firebase-tools\lib\serve\index.js:4:12)
[error] 
[error] Error: An unexpected error has occurred.
